# JRE version: OpenJDK Runtime Environment Temurin-17.0.1+12 (17.0.1+12) (build 17.0.1+12)
# Java VM: OpenJDK 64-Bit Server VM Temurin-17.0.1+12 (17.0.1+12, mixed mode, tiered, compressed oops, compressed class ptrs, parallel gc, windows-amd64)
GC Precious Log:
 CPUs: 8 total, 8 available
 Memory: 7778M
 Large Page Support: Disabled
 NUMA Support: Disabled
 Compressed Oops: Enabled (32-bit)
 Alignments: Space 512K, Generation 512K, Heap 2M
 Heap Min Capacity: 100M
 Heap Initial Capacity: 100M
 Heap Max Capacity: 1G
 Pre-touch: Disabled
 Parallel Workers: 8
Heap:
 PSYoungGen      total 8192K, used 8034K [0x00000000eab00000, 0x00000000eb580000, 0x0000000100000000)
  eden space 6656K, 100% used [0x00000000eab00000,0x00000000eb180000,0x00000000eb180000)
  from space 1536K, 89% used [0x00000000eb180000,0x00000000eb2d8bf8,0x00000000eb300000)
  to   space 2048K, 0% used [0x00000000eb380000,0x00000000eb380000,0x00000000eb580000)
 ParOldGen       total 103424K, used 94502K [0x00000000c0000000, 0x00000000c6500000, 0x00000000eab00000)
  object space 103424K, 91% used [0x00000000c0000000,0x00000000c5c49a18,0x00000000c6500000)
 Metaspace       used 62915K, committed 63744K, reserved 1114112K
  class space    used 6683K, committed 7040K, reserved 1048576K
GC Heap History (20 events):
Event: 29.272 GC heap before
{Heap before GC invocations=65 (full 4):
 PSYoungGen      total 9728K, used 9538K [0x00000000eab00000, 0x00000000eb580000, 0x0000000100000000)
  eden space 8704K, 100% used [0x00000000eab00000,0x00000000eb380000,0x00000000eb380000)
  from space 1024K, 81% used [0x00000000eb480000,0x00000000eb550ad8,0x00000000eb580000)
  to   space 1024K, 0% used [0x00000000eb380000,0x00000000eb380000,0x00000000eb480000)
 ParOldGen       total 103424K, used 85030K [0x00000000c0000000, 0x00000000c6500000, 0x00000000eab00000)
  object space 103424K, 82% used [0x00000000c0000000,0x00000000c5309b28,0x00000000c6500000)
 Metaspace       used 61257K, committed 62208K, reserved 1105920K
  class space    used 6561K, committed 6976K, reserved 1048576K
}
Event: 29.275 GC heap after
{Heap after GC invocations=65 (full 4):
 PSYoungGen      total 9728K, used 768K [0x00000000eab00000, 0x00000000eb580000, 0x0000000100000000)
  eden space 8704K, 0% used [0x00000000eab00000,0x00000000eab00000,0x00000000eb380000)
  from space 1024K, 75% used [0x00000000eb380000,0x00000000eb440000,0x00000000eb480000)
  to   space 1024K, 0% used [0x00000000eb480000,0x00000000eb480000,0x00000000eb580000)
 ParOldGen       total 103424K, used 85704K [0x00000000c0000000, 0x00000000c6500000, 0x00000000eab00000)
  object space 103424K, 82% used [0x00000000c0000000,0x00000000c53b22e8,0x00000000c6500000)
 Metaspace       used 61257K, committed 62208K, reserved 1105920K
  class space    used 6561K, committed 6976K, reserved 1048576K
}
Event: 29.334 GC heap before
{Heap before GC invocations=66 (full 4):
 PSYoungGen      total 9728K, used 9472K [0x00000000eab00000, 0x00000000eb580000, 0x0000000100000000)
  eden space 8704K, 100% used [0x00000000eab00000,0x00000000eb380000,0x00000000eb380000)
  from space 1024K, 75% used [0x00000000eb380000,0x00000000eb440000,0x00000000eb480000)
  to   space 1024K, 0% used [0x00000000eb480000,0x00000000eb480000,0x00000000eb580000)
 ParOldGen       total 103424K, used 85704K [0x00000000c0000000, 0x00000000c6500000, 0x00000000eab00000)
  object space 103424K, 82% used [0x00000000c0000000,0x00000000c53b22e8,0x00000000c6500000)
 Metaspace       used 61257K, committed 62208K, reserved 1105920K
  class space    used 6561K, committed 6976K, reserved 1048576K
}
Event: 29.336 GC heap after
{Heap after GC invocations=66 (full 4):
 PSYoungGen      total 9728K, used 768K [0x00000000eab00000, 0x00000000eb580000, 0x0000000100000000)
  eden space 8704K, 0% used [0x00000000eab00000,0x00000000eab00000,0x00000000eb380000)
  from space 1024K, 75% used [0x00000000eb480000,0x00000000eb540000,0x00000000eb580000)
  to   space 1024K, 0% used [0x00000000eb380000,0x00000000eb380000,0x00000000eb480000)
 ParOldGen       total 103424K, used 86389K [0x00000000c0000000, 0x00000000c6500000, 0x00000000eab00000)
  object space 103424K, 83% used [0x00000000c0000000,0x00000000c545d528,0x00000000c6500000)
 Metaspace       used 61257K, committed 62208K, reserved 1105920K
  class space    used 6561K, committed 6976K, reserved 1048576K
}
Event: 29.359 GC heap before
{Heap before GC invocations=67 (full 4):
 PSYoungGen      total 9728K, used 9472K [0x00000000eab00000, 0x00000000eb580000, 0x0000000100000000)
  eden space 8704K, 100% used [0x00000000eab00000,0x00000000eb380000,0x00000000eb380000)
  from space 1024K, 75% used [0x00000000eb480000,0x00000000eb540000,0x00000000eb580000)
  to   space 1024K, 0% used [0x00000000eb380000,0x00000000eb380000,0x00000000eb480000)
 ParOldGen       total 103424K, used 86389K [0x00000000c0000000, 0x00000000c6500000, 0x00000000eab00000)
  object space 103424K, 83% used [0x00000000c0000000,0x00000000c545d528,0x00000000c6500000)
 Metaspace       used 61257K, committed 62208K, reserved 1105920K
  class space    used 6561K, committed 6976K, reserved 1048576K
}
Event: 29.362 GC heap after
{Heap after GC invocations=67 (full 4):
 PSYoungGen      total 9728K, used 608K [0x00000000eab00000, 0x00000000eb580000, 0x0000000100000000)
  eden space 8704K, 0% used [0x00000000eab00000,0x00000000eab00000,0x00000000eb380000)
  from space 1024K, 59% used [0x00000000eb380000,0x00000000eb418000,0x00000000eb480000)
  to   space 1024K, 0% used [0x00000000eb480000,0x00000000eb480000,0x00000000eb580000)
 ParOldGen       total 103424K, used 87061K [0x00000000c0000000, 0x00000000c6500000, 0x00000000eab00000)
  object space 103424K, 84% used [0x00000000c0000000,0x00000000c5505528,0x00000000c6500000)
 Metaspace       used 61257K, committed 62208K, reserved 1105920K
  class space    used 6561K, committed 6976K, reserved 1048576K
}
Event: 29.412 GC heap before
{Heap before GC invocations=68 (full 4):
 PSYoungGen      total 9728K, used 9312K [0x00000000eab00000, 0x00000000eb580000, 0x0000000100000000)
  eden space 8704K, 100% used [0x00000000eab00000,0x00000000eb380000,0x00000000eb380000)
  from space 1024K, 59% used [0x00000000eb380000,0x00000000eb418000,0x00000000eb480000)
  to   space 1024K, 0% used [0x00000000eb480000,0x00000000eb480000,0x00000000eb580000)
 ParOldGen       total 103424K, used 87061K [0x00000000c0000000, 0x00000000c6500000, 0x00000000eab00000)
  object space 103424K, 84% used [0x00000000c0000000,0x00000000c5505528,0x00000000c6500000)
 Metaspace       used 61266K, committed 62208K, reserved 1105920K
  class space    used 6561K, committed 6976K, reserved 1048576K
}
Event: 29.414 GC heap after
{Heap after GC invocations=68 (full 4):
 PSYoungGen      total 9728K, used 736K [0x00000000eab00000, 0x00000000eb580000, 0x0000000100000000)
  eden space 8704K, 0% used [0x00000000eab00000,0x00000000eab00000,0x00000000eb380000)
  from space 1024K, 71% used [0x00000000eb480000,0x00000000eb538000,0x00000000eb580000)
  to   space 1024K, 0% used [0x00000000eb380000,0x00000000eb380000,0x00000000eb480000)
 ParOldGen       total 103424K, used 87533K [0x00000000c0000000, 0x00000000c6500000, 0x00000000eab00000)
  object space 103424K, 84% used [0x00000000c0000000,0x00000000c557b528,0x00000000c6500000)
 Metaspace       used 61266K, committed 62208K, reserved 1105920K
  class space    used 6561K, committed 6976K, reserved 1048576K
}
Event: 29.455 GC heap before
{Heap before GC invocations=69 (full 4):
 PSYoungGen      total 9728K, used 9440K [0x00000000eab00000, 0x00000000eb580000, 0x0000000100000000)
  eden space 8704K, 100% used [0x00000000eab00000,0x00000000eb380000,0x00000000eb380000)
  from space 1024K, 71% used [0x00000000eb480000,0x00000000eb538000,0x00000000eb580000)
  to   space 1024K, 0% used [0x00000000eb380000,0x00000000eb380000,0x00000000eb480000)
 ParOldGen       total 103424K, used 87533K [0x00000000c0000000, 0x00000000c6500000, 0x00000000eab00000)
  object space 103424K, 84% used [0x00000000c0000000,0x00000000c557b528,0x00000000c6500000)
 Metaspace       used 61298K, committed 62208K, reserved 1105920K
  class space    used 6568K, committed 6976K, reserved 1048576K
}
Event: 29.458 GC heap after
{Heap after GC invocations=69 (full 4):
 PSYoungGen      total 9728K, used 1024K [0x00000000eab00000, 0x00000000eb680000, 0x0000000100000000)
  eden space 8704K, 0% used [0x00000000eab00000,0x00000000eab00000,0x00000000eb380000)
  from space 1024K, 100% used [0x00000000eb380000,0x00000000eb480000,0x00000000eb480000)
  to   space 1536K, 0% used [0x00000000eb500000,0x00000000eb500000,0x00000000eb680000)
 ParOldGen       total 103424K, used 88153K [0x00000000c0000000, 0x00000000c6500000, 0x00000000eab00000)
  object space 103424K, 85% used [0x00000000c0000000,0x00000000c5616408,0x00000000c6500000)
 Metaspace       used 61298K, committed 62208K, reserved 1105920K
  class space    used 6568K, committed 6976K, reserved 1048576K
}
Event: 29.491 GC heap before
{Heap before GC invocations=70 (full 4):
 PSYoungGen      total 9728K, used 9728K [0x00000000eab00000, 0x00000000eb680000, 0x0000000100000000)
  eden space 8704K, 100% used [0x00000000eab00000,0x00000000eb380000,0x00000000eb380000)
  from space 1024K, 100% used [0x00000000eb380000,0x00000000eb480000,0x00000000eb480000)
  to   space 1536K, 0% used [0x00000000eb500000,0x00000000eb500000,0x00000000eb680000)
 ParOldGen       total 103424K, used 88153K [0x00000000c0000000, 0x00000000c6500000, 0x00000000eab00000)
  object space 103424K, 85% used [0x00000000c0000000,0x00000000c5616408,0x00000000c6500000)
 Metaspace       used 61299K, committed 62208K, reserved 1105920K
  class space    used 6568K, committed 6976K, reserved 1048576K
}
Event: 29.494 GC heap after
{Heap after GC invocations=70 (full 4):
 PSYoungGen      total 9728K, used 800K [0x00000000eab00000, 0x00000000eb600000, 0x0000000100000000)
  eden space 8704K, 0% used [0x00000000eab00000,0x00000000eab00000,0x00000000eb380000)
  from space 1024K, 78% used [0x00000000eb500000,0x00000000eb5c8000,0x00000000eb600000)
  to   space 1024K, 0% used [0x00000000eb380000,0x00000000eb380000,0x00000000eb480000)
 ParOldGen       total 103424K, used 89044K [0x00000000c0000000, 0x00000000c6500000, 0x00000000eab00000)
  object space 103424K, 86% used [0x00000000c0000000,0x00000000c56f5118,0x00000000c6500000)
 Metaspace       used 61299K, committed 62208K, reserved 1105920K
  class space    used 6568K, committed 6976K, reserved 1048576K
}
Event: 29.518 GC heap before
{Heap before GC invocations=71 (full 4):
 PSYoungGen      total 9728K, used 9504K [0x00000000eab00000, 0x00000000eb600000, 0x0000000100000000)
  eden space 8704K, 100% used [0x00000000eab00000,0x00000000eb380000,0x00000000eb380000)
  from space 1024K, 78% used [0x00000000eb500000,0x00000000eb5c8000,0x00000000eb600000)
  to   space 1024K, 0% used [0x00000000eb380000,0x00000000eb380000,0x00000000eb480000)
 ParOldGen       total 103424K, used 89044K [0x00000000c0000000, 0x00000000c6500000, 0x00000000eab00000)
  object space 103424K, 86% used [0x00000000c0000000,0x00000000c56f5118,0x00000000c6500000)
 Metaspace       used 61299K, committed 62208K, reserved 1105920K
  class space    used 6568K, committed 6976K, reserved 1048576K
}
Event: 29.520 GC heap after
{Heap after GC invocations=71 (full 4):
 PSYoungGen      total 9728K, used 928K [0x00000000eab00000, 0x00000000eb580000, 0x0000000100000000)
  eden space 8704K, 0% used [0x00000000eab00000,0x00000000eab00000,0x00000000eb380000)
  from space 1024K, 90% used [0x00000000eb380000,0x00000000eb468000,0x00000000eb480000)
  to   space 1024K, 0% used [0x00000000eb480000,0x00000000eb480000,0x00000000eb580000)
 ParOldGen       total 103424K, used 89730K [0x00000000c0000000, 0x00000000c6500000, 0x00000000eab00000)
  object space 103424K, 86% used [0x00000000c0000000,0x00000000c57a08f8,0x00000000c6500000)
 Metaspace       used 61299K, committed 62208K, reserved 1105920K
  class space    used 6568K, committed 6976K, reserved 1048576K
}
Event: 29.558 GC heap before
{Heap before GC invocations=72 (full 4):
 PSYoungGen      total 9728K, used 9632K [0x00000000eab00000, 0x00000000eb580000, 0x0000000100000000)
  eden space 8704K, 100% used [0x00000000eab00000,0x00000000eb380000,0x00000000eb380000)
  from space 1024K, 90% used [0x00000000eb380000,0x00000000eb468000,0x00000000eb480000)
  to   space 1024K, 0% used [0x00000000eb480000,0x00000000eb480000,0x00000000eb580000)
 ParOldGen       total 103424K, used 89730K [0x00000000c0000000, 0x00000000c6500000, 0x00000000eab00000)
  object space 103424K, 86% used [0x00000000c0000000,0x00000000c57a08f8,0x00000000c6500000)
 Metaspace       used 61327K, committed 62208K, reserved 1105920K
  class space    used 6572K, committed 6976K, reserved 1048576K
}
Event: 29.561 GC heap after
{Heap after GC invocations=72 (full 4):
 PSYoungGen      total 8192K, used 996K [0x00000000eab00000, 0x00000000eb880000, 0x0000000100000000)
  eden space 7168K, 0% used [0x00000000eab00000,0x00000000eab00000,0x00000000eb200000)
  from space 1024K, 97% used [0x00000000eb480000,0x00000000eb579210,0x00000000eb580000)
  to   space 2560K, 0% used [0x00000000eb200000,0x00000000eb200000,0x00000000eb480000)
 ParOldGen       total 103424K, used 90629K [0x00000000c0000000, 0x00000000c6500000, 0x00000000eab00000)
  object space 103424K, 87% used [0x00000000c0000000,0x00000000c58815e0,0x00000000c6500000)
 Metaspace       used 61327K, committed 62208K, reserved 1105920K
  class space    used 6572K, committed 6976K, reserved 1048576K
}
Event: 29.658 GC heap before
{Heap before GC invocations=73 (full 4):
 PSYoungGen      total 8192K, used 8164K [0x00000000eab00000, 0x00000000eb880000, 0x0000000100000000)
  eden space 7168K, 100% used [0x00000000eab00000,0x00000000eb200000,0x00000000eb200000)
  from space 1024K, 97% used [0x00000000eb480000,0x00000000eb579210,0x00000000eb580000)
  to   space 2560K, 0% used [0x00000000eb200000,0x00000000eb200000,0x00000000eb480000)
 ParOldGen       total 103424K, used 90629K [0x00000000c0000000, 0x00000000c6500000, 0x00000000eab00000)
  object space 103424K, 87% used [0x00000000c0000000,0x00000000c58815e0,0x00000000c6500000)
 Metaspace       used 61555K, committed 62464K, reserved 1105920K
  class space    used 6584K, committed 6976K, reserved 1048576K
}
Event: 29.668 GC heap after
{Heap after GC invocations=73 (full 4):
 PSYoungGen      total 9216K, used 1788K [0x00000000eab00000, 0x00000000eb600000, 0x0000000100000000)
  eden space 7168K, 0% used [0x00000000eab00000,0x00000000eab00000,0x00000000eb200000)
  from space 2048K, 87% used [0x00000000eb200000,0x00000000eb3bf138,0x00000000eb400000)
  to   space 2048K, 0% used [0x00000000eb400000,0x00000000eb400000,0x00000000eb600000)
 ParOldGen       total 103424K, used 91614K [0x00000000c0000000, 0x00000000c6500000, 0x00000000eab00000)
  object space 103424K, 88% used [0x00000000c0000000,0x00000000c5977860,0x00000000c6500000)
 Metaspace       used 61555K, committed 62464K, reserved 1105920K
  class space    used 6584K, committed 6976K, reserved 1048576K
}
Event: 29.842 GC heap before
{Heap before GC invocations=74 (full 4):
 PSYoungGen      total 9216K, used 8956K [0x00000000eab00000, 0x00000000eb600000, 0x0000000100000000)
  eden space 7168K, 100% used [0x00000000eab00000,0x00000000eb200000,0x00000000eb200000)
  from space 2048K, 87% used [0x00000000eb200000,0x00000000eb3bf138,0x00000000eb400000)
  to   space 2048K, 0% used [0x00000000eb400000,0x00000000eb400000,0x00000000eb600000)
 ParOldGen       total 103424K, used 91614K [0x00000000c0000000, 0x00000000c6500000, 0x00000000eab00000)
  object space 103424K, 88% used [0x00000000c0000000,0x00000000c5977860,0x00000000c6500000)
 Metaspace       used 61850K, committed 62720K, reserved 1105920K
  class space    used 6614K, committed 6976K, reserved 1048576K
}
Event: 29.849 GC heap after
{Heap after GC invocations=74 (full 4):
 PSYoungGen      total 8704K, used 2033K [0x00000000eab00000, 0x00000000eb700000, 0x0000000100000000)
  eden space 6656K, 0% used [0x00000000eab00000,0x00000000eab00000,0x00000000eb180000)
  from space 2048K, 99% used [0x00000000eb400000,0x00000000eb5fc5a8,0x00000000eb600000)
  to   space 2560K, 0% used [0x00000000eb180000,0x00000000eb180000,0x00000000eb400000)
 ParOldGen       total 103424K, used 92571K [0x00000000c0000000, 0x00000000c6500000, 0x00000000eab00000)
  object space 103424K, 89% used [0x00000000c0000000,0x00000000c5a66ed0,0x00000000c6500000)
 Metaspace       used 61850K, committed 62720K, reserved 1105920K
  class space    used 6614K, committed 6976K, reserved 1048576K
}

